<?xml version="1.0" encoding="UTF-8"?>
<coverage generated="1713337391902" clover="3.2.0">
  <project timestamp="1713337391902" name="All files">
    <metrics statements="141" coveredstatements="80" conditionals="43" coveredconditionals="15" methods="57" coveredmethods="25" elements="241" coveredelements="120" complexity="0" loc="141" ncloc="141" packages="1" files="11" classes="11"/>
    <file name="App.js" path="/Users/djroos/Desktop/US-City-Guesser/src/App.js">
      <metrics statements="40" coveredstatements="16" conditionals="10" coveredconditionals="2" methods="19" coveredmethods="5"/>
      <line num="23" count="2" type="stmt"/>
      <line num="27" count="2" type="stmt"/>
      <line num="34" count="1" type="stmt"/>
      <line num="38" count="1" type="stmt"/>
      <line num="44" count="2" type="stmt"/>
      <line num="52" count="2" type="stmt"/>
      <line num="56" count="0" type="stmt"/>
      <line num="64" count="1" type="stmt"/>
      <line num="67" count="1" type="stmt"/>
      <line num="70" count="1" type="stmt"/>
      <line num="76" count="1" type="stmt"/>
      <line num="78" count="1" type="stmt"/>
      <line num="81" count="1" type="stmt"/>
      <line num="83" count="1" type="stmt"/>
      <line num="86" count="1" type="stmt"/>
      <line num="87" count="0" type="stmt"/>
      <line num="91" count="1" type="stmt"/>
      <line num="92" count="0" type="cond" truecount="0" falsecount="2"/>
      <line num="93" count="0" type="stmt"/>
      <line num="95" count="0" type="stmt"/>
      <line num="101" count="0" type="stmt"/>
      <line num="102" count="0" type="stmt"/>
      <line num="103" count="0" type="stmt"/>
      <line num="104" count="0" type="stmt"/>
      <line num="105" count="0" type="stmt"/>
      <line num="106" count="0" type="stmt"/>
      <line num="109" count="1" type="stmt"/>
      <line num="121" count="0" type="cond" truecount="0" falsecount="2"/>
      <line num="124" count="0" type="stmt"/>
      <line num="127" count="0" type="stmt"/>
      <line num="131" count="0" type="stmt"/>
      <line num="132" count="0" type="stmt"/>
      <line num="135" count="0" type="stmt"/>
      <line num="136" count="0" type="stmt"/>
      <line num="139" count="0" type="cond" truecount="0" falsecount="2"/>
      <line num="140" count="0" type="stmt"/>
      <line num="152" count="0" type="stmt"/>
      <line num="163" count="0" type="cond" truecount="1" falsecount="1"/>
      <line num="164" count="0" type="cond" truecount="1" falsecount="1"/>
      <line num="171" count="0" type="stmt"/>
    </file>
    <file name="AutocompleteDropdown.js" path="/Users/djroos/Desktop/US-City-Guesser/src/AutocompleteDropdown.js">
      <metrics statements="19" coveredstatements="9" conditionals="4" coveredconditionals="1" methods="7" coveredmethods="2"/>
      <line num="7" count="2" type="stmt"/>
      <line num="8" count="1" type="stmt"/>
      <line num="9" count="1" type="stmt"/>
      <line num="11" count="1" type="stmt"/>
      <line num="12" count="0" type="stmt"/>
      <line num="13" count="0" type="stmt"/>
      <line num="14" count="0" type="cond" truecount="0" falsecount="2"/>
      <line num="15" count="0" type="stmt"/>
      <line num="16" count="0" type="stmt"/>
      <line num="18" count="0" type="stmt"/>
      <line num="22" count="1" type="stmt"/>
      <line num="23" count="0" type="stmt"/>
      <line num="24" count="0" type="stmt"/>
      <line num="27" count="1" type="stmt"/>
      <line num="28" count="1" type="cond" truecount="1" falsecount="1"/>
      <line num="29" count="1" type="stmt"/>
      <line num="31" count="0" type="stmt"/>
      <line num="33" count="0" type="stmt"/>
      <line num="38" count="1" type="stmt"/>
    </file>
    <file name="GameCompletePopup.js" path="/Users/djroos/Desktop/US-City-Guesser/src/GameCompletePopup.js">
      <metrics statements="7" coveredstatements="0" conditionals="2" coveredconditionals="0" methods="4" coveredmethods="0"/>
      <line num="6" count="0" type="stmt"/>
      <line num="8" count="0" type="stmt"/>
      <line num="9" count="0" type="stmt"/>
      <line num="12" count="0" type="stmt"/>
      <line num="13" count="0" type="stmt"/>
      <line num="16" count="0" type="stmt"/>
      <line num="27" count="0" type="stmt"/>
    </file>
    <file name="GenerateCity.js" path="/Users/djroos/Desktop/US-City-Guesser/src/GenerateCity.js">
      <metrics statements="6" coveredstatements="6" conditionals="2" coveredconditionals="2" methods="3" coveredmethods="3"/>
      <line num="7" count="2" type="cond" truecount="2" falsecount="0"/>
      <line num="8" count="1809" type="stmt"/>
      <line num="10" count="1809" type="stmt"/>
      <line num="13" count="2" type="stmt"/>
      <line num="14" count="2" type="stmt"/>
      <line num="15" count="2" type="stmt"/>
    </file>
    <file name="GiveUpPopup.js" path="/Users/djroos/Desktop/US-City-Guesser/src/GiveUpPopup.js">
      <metrics statements="7" coveredstatements="0" conditionals="2" coveredconditionals="0" methods="4" coveredmethods="0"/>
      <line num="6" count="0" type="stmt"/>
      <line num="8" count="0" type="stmt"/>
      <line num="9" count="0" type="stmt"/>
      <line num="12" count="0" type="stmt"/>
      <line num="13" count="0" type="stmt"/>
      <line num="16" count="0" type="stmt"/>
      <line num="27" count="0" type="stmt"/>
    </file>
    <file name="GuessList.js" path="/Users/djroos/Desktop/US-City-Guesser/src/GuessList.js">
      <metrics statements="2" coveredstatements="2" conditionals="2" coveredconditionals="1" methods="2" coveredmethods="2"/>
      <line num="4" count="2" type="stmt"/>
      <line num="16" count="1" type="cond" truecount="1" falsecount="1"/>
    </file>
    <file name="InfoPopUp.js" path="/Users/djroos/Desktop/US-City-Guesser/src/InfoPopUp.js">
      <metrics statements="6" coveredstatements="4" conditionals="2" coveredconditionals="2" methods="3" coveredmethods="1"/>
      <line num="5" count="1" type="stmt"/>
      <line num="7" count="1" type="stmt"/>
      <line num="8" count="0" type="stmt"/>
      <line num="11" count="1" type="stmt"/>
      <line num="12" count="0" type="stmt"/>
      <line num="15" count="1" type="stmt"/>
    </file>
    <file name="Map.js" path="/Users/djroos/Desktop/US-City-Guesser/src/Map.js">
      <metrics statements="20" coveredstatements="13" conditionals="1" coveredconditionals="0" methods="4" coveredmethods="3"/>
      <line num="9" count="2" type="stmt"/>
      <line num="10" count="2" type="stmt"/>
      <line num="13" count="2" type="stmt"/>
      <line num="14" count="2" type="stmt"/>
      <line num="16" count="2" type="stmt"/>
      <line num="21" count="2" type="stmt"/>
      <line num="27" count="2" type="stmt"/>
      <line num="32" count="610" type="stmt"/>
      <line num="35" count="2" type="stmt"/>
      <line num="40" count="2" type="stmt"/>
      <line num="41" count="1" type="stmt"/>
      <line num="47" count="2" type="stmt"/>
      <line num="49" count="0" type="stmt"/>
      <line num="52" count="0" type="stmt"/>
      <line num="53" count="0" type="stmt"/>
      <line num="54" count="0" type="stmt"/>
      <line num="58" count="0" type="stmt"/>
      <line num="59" count="0" type="stmt"/>
      <line num="60" count="0" type="stmt"/>
      <line num="63" count="2" type="stmt"/>
    </file>
    <file name="Settings.js" path="/Users/djroos/Desktop/US-City-Guesser/src/Settings.js">
      <metrics statements="6" coveredstatements="4" conditionals="10" coveredconditionals="1" methods="3" coveredmethods="1"/>
      <line num="8" count="1" type="stmt"/>
      <line num="11" count="1" type="stmt"/>
      <line num="12" count="0" type="stmt"/>
      <line num="16" count="1" type="stmt"/>
      <line num="17" count="0" type="stmt"/>
      <line num="20" count="1" type="stmt"/>
    </file>
    <file name="ValidateGuess.js" path="/Users/djroos/Desktop/US-City-Guesser/src/ValidateGuess.js">
      <metrics statements="5" coveredstatements="5" conditionals="4" coveredconditionals="4" methods="2" coveredmethods="2"/>
      <line num="4" count="3" type="cond" truecount="2" falsecount="0"/>
      <line num="7" count="1" type="stmt"/>
      <line num="8" count="2" type="cond" truecount="2" falsecount="0"/>
      <line num="11" count="1" type="stmt"/>
      <line num="14" count="1" type="stmt"/>
    </file>
    <file name="calculateDistance.js" path="/Users/djroos/Desktop/US-City-Guesser/src/calculateDistance.js">
      <metrics statements="23" coveredstatements="21" conditionals="4" coveredconditionals="2" methods="6" coveredmethods="6"/>
      <line num="5" count="1" type="stmt"/>
      <line num="7" count="1" type="stmt"/>
      <line num="8" count="1" type="stmt"/>
      <line num="11" count="1" type="stmt"/>
      <line num="12" count="1" type="stmt"/>
      <line num="15" count="1" type="stmt"/>
      <line num="16" count="1" type="stmt"/>
      <line num="17" count="1" type="stmt"/>
      <line num="18" count="1" type="stmt"/>
      <line num="22" count="1" type="stmt"/>
      <line num="24" count="1" type="stmt"/>
      <line num="26" count="1" type="stmt"/>
      <line num="34" count="8" type="stmt"/>
      <line num="35" count="2" type="cond" truecount="1" falsecount="1"/>
      <line num="36" count="2" type="stmt"/>
      <line num="37" count="2" type="stmt"/>
      <line num="40" count="0" type="stmt"/>
      <line num="45" count="8" type="stmt"/>
      <line num="46" count="2" type="cond" truecount="1" falsecount="1"/>
      <line num="47" count="2" type="stmt"/>
      <line num="48" count="2" type="stmt"/>
      <line num="51" count="0" type="stmt"/>
      <line num="56" count="4" type="stmt"/>
    </file>
  </project>
</coverage>
