{"/Users/djroos/Desktop/US-City-Guesser/src/App.js": {"path":"/Users/djroos/Desktop/US-City-Guesser/src/App.js","statementMap":{"0":{"start":{"line":23,"column":2},"end":{"line":23,"column":22}},"1":{"start":{"line":27,"column":2},"end":{"line":27,"column":20}},"2":{"start":{"line":34,"column":2},"end":{"line":34,"column":25}},"3":{"start":{"line":38,"column":2},"end":{"line":38,"column":22}},"4":{"start":{"line":44,"column":13},"end":{"line":44,"column":14}},"5":{"start":{"line":52,"column":16},"end":{"line":52,"column":18}},"6":{"start":{"line":56,"column":2},"end":{"line":56,"column":17}},"7":{"start":{"line":64,"column":38},"end":{"line":64,"column":54}},"8":{"start":{"line":67,"column":30},"end":{"line":67,"column":42}},"9":{"start":{"line":70,"column":40},"end":{"line":70,"column":52}},"10":{"start":{"line":76,"column":36},"end":{"line":76,"column":52}},"11":{"start":{"line":78,"column":22},"end":{"line":78,"column":37}},"12":{"start":{"line":81,"column":20},"end":{"line":81,"column":32}},"13":{"start":{"line":83,"column":22},"end":{"line":83,"column":34}},"14":{"start":{"line":86,"column":2},"end":{"line":88,"column":19}},"15":{"start":{"line":87,"column":4},"end":{"line":87,"column":29}},"16":{"start":{"line":91,"column":2},"end":{"line":98,"column":15}},"17":{"start":{"line":92,"column":4},"end":{"line":96,"column":5}},"18":{"start":{"line":93,"column":6},"end":{"line":93,"column":34}},"19":{"start":{"line":95,"column":6},"end":{"line":95,"column":77}},"20":{"start":{"line":101,"column":4},"end":{"line":101,"column":26}},"21":{"start":{"line":102,"column":4},"end":{"line":102,"column":21}},"22":{"start":{"line":103,"column":4},"end":{"line":103,"column":29}},"23":{"start":{"line":104,"column":4},"end":{"line":104,"column":23}},"24":{"start":{"line":105,"column":4},"end":{"line":105,"column":18}},"25":{"start":{"line":106,"column":4},"end":{"line":106,"column":25}},"26":{"start":{"line":109,"column":2},"end":{"line":178,"column":3}},"27":{"start":{"line":121,"column":8},"end":{"line":143,"column":9}},"28":{"start":{"line":124,"column":10},"end":{"line":124,"column":56}},"29":{"start":{"line":127,"column":10},"end":{"line":128,"column":12}},"30":{"start":{"line":131,"column":10},"end":{"line":133,"column":13}},"31":{"start":{"line":132,"column":12},"end":{"line":132,"column":43}},"32":{"start":{"line":135,"column":10},"end":{"line":137,"column":13}},"33":{"start":{"line":136,"column":12},"end":{"line":136,"column":45}},"34":{"start":{"line":139,"column":10},"end":{"line":141,"column":11}},"35":{"start":{"line":140,"column":12},"end":{"line":140,"column":38}},"36":{"start":{"line":152,"column":91},"end":{"line":152,"column":111}},"37":{"start":{"line":163,"column":68},"end":{"line":163,"column":81}},"38":{"start":{"line":164,"column":57},"end":{"line":164,"column":70}},"39":{"start":{"line":171,"column":55},"end":{"line":171,"column":76}},"40":{"start":{"line":171,"column":95},"end":{"line":171,"column":116}},"41":{"start":{"line":171,"column":150},"end":{"line":171,"column":161}},"42":{"start":{"line":171,"column":186},"end":{"line":171,"column":198}}},"fnMap":{"0":{"name":"setTargetCity","decl":{"start":{"line":22,"column":16},"end":{"line":22,"column":29}},"loc":{"start":{"line":22,"column":38},"end":{"line":24,"column":1}},"line":22},"1":{"name":"getTargetCity","decl":{"start":{"line":26,"column":16},"end":{"line":26,"column":29}},"loc":{"start":{"line":26,"column":31},"end":{"line":28,"column":1}},"line":26},"2":{"name":"setCurrentGuess","decl":{"start":{"line":33,"column":16},"end":{"line":33,"column":31}},"loc":{"start":{"line":33,"column":40},"end":{"line":35,"column":1}},"line":33},"3":{"name":"getCurrentGuess","decl":{"start":{"line":37,"column":16},"end":{"line":37,"column":31}},"loc":{"start":{"line":37,"column":33},"end":{"line":39,"column":1}},"line":37},"4":{"name":"clearGuessList","decl":{"start":{"line":55,"column":9},"end":{"line":55,"column":23}},"loc":{"start":{"line":55,"column":25},"end":{"line":57,"column":1}},"line":55},"5":{"name":"App","decl":{"start":{"line":61,"column":9},"end":{"line":61,"column":12}},"loc":{"start":{"line":61,"column":15},"end":{"line":179,"column":1}},"line":61},"6":{"name":"(anonymous_6)","decl":{"start":{"line":86,"column":12},"end":{"line":86,"column":13}},"loc":{"start":{"line":86,"column":18},"end":{"line":88,"column":3}},"line":86},"7":{"name":"(anonymous_7)","decl":{"start":{"line":91,"column":12},"end":{"line":91,"column":13}},"loc":{"start":{"line":91,"column":17},"end":{"line":98,"column":3}},"line":91},"8":{"name":"restartGame","decl":{"start":{"line":100,"column":11},"end":{"line":100,"column":22}},"loc":{"start":{"line":100,"column":24},"end":{"line":107,"column":3}},"line":100},"9":{"name":"(anonymous_9)","decl":{"start":{"line":118,"column":23},"end":{"line":118,"column":24}},"loc":{"start":{"line":118,"column":34},"end":{"line":145,"column":7}},"line":118},"10":{"name":"(anonymous_10)","decl":{"start":{"line":131,"column":40},"end":{"line":131,"column":41}},"loc":{"start":{"line":131,"column":50},"end":{"line":133,"column":11}},"line":131},"11":{"name":"(anonymous_11)","decl":{"start":{"line":135,"column":40},"end":{"line":135,"column":41}},"loc":{"start":{"line":135,"column":50},"end":{"line":137,"column":11}},"line":135},"12":{"name":"(anonymous_12)","decl":{"start":{"line":152,"column":80},"end":{"line":152,"column":81}},"loc":{"start":{"line":152,"column":90},"end":{"line":152,"column":112}},"line":152},"13":{"name":"(anonymous_13)","decl":{"start":{"line":163,"column":62},"end":{"line":163,"column":63}},"loc":{"start":{"line":163,"column":68},"end":{"line":163,"column":81}},"line":163},"14":{"name":"(anonymous_14)","decl":{"start":{"line":164,"column":51},"end":{"line":164,"column":52}},"loc":{"start":{"line":164,"column":57},"end":{"line":164,"column":70}},"line":164},"15":{"name":"(anonymous_15)","decl":{"start":{"line":171,"column":49},"end":{"line":171,"column":50}},"loc":{"start":{"line":171,"column":55},"end":{"line":171,"column":76}},"line":171},"16":{"name":"(anonymous_16)","decl":{"start":{"line":171,"column":89},"end":{"line":171,"column":90}},"loc":{"start":{"line":171,"column":95},"end":{"line":171,"column":116}},"line":171},"17":{"name":"(anonymous_17)","decl":{"start":{"line":171,"column":144},"end":{"line":171,"column":145}},"loc":{"start":{"line":171,"column":150},"end":{"line":171,"column":161}},"line":171},"18":{"name":"(anonymous_18)","decl":{"start":{"line":171,"column":180},"end":{"line":171,"column":181}},"loc":{"start":{"line":171,"column":186},"end":{"line":171,"column":198}},"line":171}},"branchMap":{"0":{"loc":{"start":{"line":92,"column":4},"end":{"line":96,"column":5}},"type":"if","locations":[{"start":{"line":92,"column":4},"end":{"line":96,"column":5}},{"start":{"line":94,"column":11},"end":{"line":96,"column":5}}],"line":92},"1":{"loc":{"start":{"line":121,"column":8},"end":{"line":143,"column":9}},"type":"if","locations":[{"start":{"line":121,"column":8},"end":{"line":143,"column":9}},{"start":{},"end":{}}],"line":121},"2":{"loc":{"start":{"line":139,"column":10},"end":{"line":141,"column":11}},"type":"if","locations":[{"start":{"line":139,"column":10},"end":{"line":141,"column":11}},{"start":{},"end":{}}],"line":139},"3":{"loc":{"start":{"line":163,"column":5},"end":{"line":163,"column":85}},"type":"binary-expr","locations":[{"start":{"line":163,"column":5},"end":{"line":163,"column":30}},{"start":{"line":163,"column":34},"end":{"line":163,"column":85}}],"line":163},"4":{"loc":{"start":{"line":164,"column":5},"end":{"line":164,"column":74}},"type":"binary-expr","locations":[{"start":{"line":164,"column":5},"end":{"line":164,"column":25}},{"start":{"line":164,"column":29},"end":{"line":164,"column":74}}],"line":164}},"s":{"0":2,"1":2,"2":1,"3":1,"4":2,"5":2,"6":0,"7":1,"8":1,"9":1,"10":1,"11":1,"12":1,"13":1,"14":1,"15":0,"16":1,"17":0,"18":0,"19":0,"20":0,"21":0,"22":0,"23":0,"24":0,"25":0,"26":1,"27":0,"28":0,"29":0,"30":0,"31":0,"32":0,"33":0,"34":0,"35":0,"36":0,"37":0,"38":0,"39":0,"40":0,"41":0,"42":0},"f":{"0":2,"1":2,"2":1,"3":1,"4":0,"5":1,"6":0,"7":0,"8":0,"9":0,"10":0,"11":0,"12":0,"13":0,"14":0,"15":0,"16":0,"17":0,"18":0},"b":{"0":[0,0],"1":[0,0],"2":[0,0],"3":[1,0],"4":[1,0]},"_coverageSchema":"1a1c01bbd47fc00a2c39e90264f33305004495a9","hash":"50766da8af6eeec0ee5e573efeeeba46e246c106"}
,"/Users/djroos/Desktop/US-City-Guesser/src/AutocompleteDropdown.js": {"path":"/Users/djroos/Desktop/US-City-Guesser/src/AutocompleteDropdown.js","statementMap":{"0":{"start":{"line":7,"column":29},"end":{"line":46,"column":1}},"1":{"start":{"line":8,"column":28},"end":{"line":8,"column":40}},"2":{"start":{"line":9,"column":40},"end":{"line":9,"column":52}},"3":{"start":{"line":11,"column":19},"end":{"line":20,"column":3}},"4":{"start":{"line":12,"column":18},"end":{"line":12,"column":32}},"5":{"start":{"line":13,"column":4},"end":{"line":13,"column":20}},"6":{"start":{"line":14,"column":4},"end":{"line":19,"column":5}},"7":{"start":{"line":15,"column":20},"end":{"line":15,"column":47}},"8":{"start":{"line":16,"column":6},"end":{"line":16,"column":68}},"9":{"start":{"line":16,"column":47},"end":{"line":16,"column":65}},"10":{"start":{"line":18,"column":6},"end":{"line":18,"column":25}},"11":{"start":{"line":22,"column":29},"end":{"line":25,"column":3}},"12":{"start":{"line":23,"column":4},"end":{"line":23,"column":20}},"13":{"start":{"line":24,"column":4},"end":{"line":24,"column":23}},"14":{"start":{"line":27,"column":28},"end":{"line":36,"column":3}},"15":{"start":{"line":28,"column":4},"end":{"line":30,"column":5}},"16":{"start":{"line":29,"column":6},"end":{"line":29,"column":18}},"17":{"start":{"line":31,"column":4},"end":{"line":35,"column":6}},"18":{"start":{"line":33,"column":35},"end":{"line":33,"column":204}},"19":{"start":{"line":33,"column":69},"end":{"line":33,"column":122}},"20":{"start":{"line":33,"column":123},"end":{"line":33,"column":145}},"21":{"start":{"line":33,"column":146},"end":{"line":33,"column":163}},"22":{"start":{"line":38,"column":2},"end":{"line":45,"column":4}}},"fnMap":{"0":{"name":"(anonymous_0)","decl":{"start":{"line":7,"column":29},"end":{"line":7,"column":30}},"loc":{"start":{"line":7,"column":35},"end":{"line":46,"column":1}},"line":7},"1":{"name":"(anonymous_1)","decl":{"start":{"line":11,"column":19},"end":{"line":11,"column":20}},"loc":{"start":{"line":11,"column":26},"end":{"line":20,"column":3}},"line":11},"2":{"name":"(anonymous_2)","decl":{"start":{"line":16,"column":42},"end":{"line":16,"column":43}},"loc":{"start":{"line":16,"column":47},"end":{"line":16,"column":65}},"line":16},"3":{"name":"(anonymous_3)","decl":{"start":{"line":22,"column":29},"end":{"line":22,"column":30}},"loc":{"start":{"line":22,"column":40},"end":{"line":25,"column":3}},"line":22},"4":{"name":"(anonymous_4)","decl":{"start":{"line":27,"column":28},"end":{"line":27,"column":29}},"loc":{"start":{"line":27,"column":34},"end":{"line":36,"column":3}},"line":27},"5":{"name":"(anonymous_5)","decl":{"start":{"line":33,"column":25},"end":{"line":33,"column":26}},"loc":{"start":{"line":33,"column":35},"end":{"line":33,"column":204}},"line":33},"6":{"name":"(anonymous_6)","decl":{"start":{"line":33,"column":62},"end":{"line":33,"column":63}},"loc":{"start":{"line":33,"column":68},"end":{"line":33,"column":164}},"line":33}},"branchMap":{"0":{"loc":{"start":{"line":14,"column":4},"end":{"line":19,"column":5}},"type":"if","locations":[{"start":{"line":14,"column":4},"end":{"line":19,"column":5}},{"start":{"line":17,"column":11},"end":{"line":19,"column":5}}],"line":14},"1":{"loc":{"start":{"line":28,"column":4},"end":{"line":30,"column":5}},"type":"if","locations":[{"start":{"line":28,"column":4},"end":{"line":30,"column":5}},{"start":{},"end":{}}],"line":28}},"s":{"0":2,"1":1,"2":1,"3":1,"4":0,"5":0,"6":0,"7":0,"8":0,"9":0,"10":0,"11":1,"12":0,"13":0,"14":1,"15":1,"16":1,"17":0,"18":0,"19":0,"20":0,"21":0,"22":1},"f":{"0":1,"1":0,"2":0,"3":0,"4":1,"5":0,"6":0},"b":{"0":[0,0],"1":[1,0]},"_coverageSchema":"1a1c01bbd47fc00a2c39e90264f33305004495a9","hash":"824ca62ccc1b81407bd4d0adbc2393e9b67b793f"}
,"/Users/djroos/Desktop/US-City-Guesser/src/GameCompletePopup.js": {"path":"/Users/djroos/Desktop/US-City-Guesser/src/GameCompletePopup.js","statementMap":{"0":{"start":{"line":6,"column":40},"end":{"line":6,"column":54}},"1":{"start":{"line":8,"column":21},"end":{"line":10,"column":3}},"2":{"start":{"line":9,"column":4},"end":{"line":9,"column":33}},"3":{"start":{"line":12,"column":20},"end":{"line":14,"column":3}},"4":{"start":{"line":13,"column":4},"end":{"line":13,"column":26}},"5":{"start":{"line":16,"column":2},"end":{"line":33,"column":4}},"6":{"start":{"line":27,"column":41},"end":{"line":27,"column":51}},"7":{"start":{"line":27,"column":52},"end":{"line":27,"column":63}}},"fnMap":{"0":{"name":"GameCompletePopup","decl":{"start":{"line":5,"column":24},"end":{"line":5,"column":41}},"loc":{"start":{"line":5,"column":53},"end":{"line":34,"column":1}},"line":5},"1":{"name":"(anonymous_1)","decl":{"start":{"line":8,"column":21},"end":{"line":8,"column":22}},"loc":{"start":{"line":8,"column":27},"end":{"line":10,"column":3}},"line":8},"2":{"name":"(anonymous_2)","decl":{"start":{"line":12,"column":20},"end":{"line":12,"column":21}},"loc":{"start":{"line":12,"column":26},"end":{"line":14,"column":3}},"line":12},"3":{"name":"(anonymous_3)","decl":{"start":{"line":27,"column":29},"end":{"line":27,"column":30}},"loc":{"start":{"line":27,"column":40},"end":{"line":27,"column":64}},"line":27}},"branchMap":{"0":{"loc":{"start":{"line":20,"column":7},"end":{"line":31,"column":7}},"type":"binary-expr","locations":[{"start":{"line":20,"column":7},"end":{"line":20,"column":18}},{"start":{"line":21,"column":8},"end":{"line":30,"column":14}}],"line":20}},"s":{"0":0,"1":0,"2":0,"3":0,"4":0,"5":0,"6":0,"7":0},"f":{"0":0,"1":0,"2":0,"3":0},"b":{"0":[0,0]},"_coverageSchema":"1a1c01bbd47fc00a2c39e90264f33305004495a9","hash":"08749a56f6767c2a0f13a3b1d81891d9889ec02d"}
,"/Users/djroos/Desktop/US-City-Guesser/src/GenerateCity.js": {"path":"/Users/djroos/Desktop/US-City-Guesser/src/GenerateCity.js","statementMap":{"0":{"start":{"line":7,"column":4},"end":{"line":11,"column":5}},"1":{"start":{"line":8,"column":6},"end":{"line":8,"column":73}},"2":{"start":{"line":8,"column":45},"end":{"line":8,"column":71}},"3":{"start":{"line":10,"column":6},"end":{"line":10,"column":72}},"4":{"start":{"line":10,"column":45},"end":{"line":10,"column":70}},"5":{"start":{"line":13,"column":24},"end":{"line":13,"column":73}},"6":{"start":{"line":14,"column":4},"end":{"line":14,"column":45}},"7":{"start":{"line":15,"column":4},"end":{"line":15,"column":47}}},"fnMap":{"0":{"name":"GenerateCity","decl":{"start":{"line":4,"column":24},"end":{"line":4,"column":36}},"loc":{"start":{"line":4,"column":48},"end":{"line":18,"column":1}},"line":4},"1":{"name":"(anonymous_1)","decl":{"start":{"line":8,"column":37},"end":{"line":8,"column":38}},"loc":{"start":{"line":8,"column":45},"end":{"line":8,"column":71}},"line":8},"2":{"name":"(anonymous_2)","decl":{"start":{"line":10,"column":37},"end":{"line":10,"column":38}},"loc":{"start":{"line":10,"column":45},"end":{"line":10,"column":70}},"line":10}},"branchMap":{"0":{"loc":{"start":{"line":7,"column":4},"end":{"line":11,"column":5}},"type":"if","locations":[{"start":{"line":7,"column":4},"end":{"line":11,"column":5}},{"start":{"line":9,"column":11},"end":{"line":11,"column":5}}],"line":7}},"s":{"0":2,"1":1,"2":1809,"3":1,"4":1809,"5":2,"6":2,"7":2},"f":{"0":2,"1":1809,"2":1809},"b":{"0":[1,1]},"_coverageSchema":"1a1c01bbd47fc00a2c39e90264f33305004495a9","hash":"978c10463fc4a72da558842a3545f848010a3781"}
,"/Users/djroos/Desktop/US-City-Guesser/src/GiveUpPopup.js": {"path":"/Users/djroos/Desktop/US-City-Guesser/src/GiveUpPopup.js","statementMap":{"0":{"start":{"line":6,"column":40},"end":{"line":6,"column":54}},"1":{"start":{"line":8,"column":21},"end":{"line":10,"column":3}},"2":{"start":{"line":9,"column":4},"end":{"line":9,"column":33}},"3":{"start":{"line":12,"column":20},"end":{"line":14,"column":3}},"4":{"start":{"line":13,"column":4},"end":{"line":13,"column":26}},"5":{"start":{"line":16,"column":2},"end":{"line":33,"column":4}},"6":{"start":{"line":27,"column":41},"end":{"line":27,"column":51}},"7":{"start":{"line":27,"column":52},"end":{"line":27,"column":63}}},"fnMap":{"0":{"name":"GiveUpPopup","decl":{"start":{"line":5,"column":24},"end":{"line":5,"column":35}},"loc":{"start":{"line":5,"column":47},"end":{"line":34,"column":1}},"line":5},"1":{"name":"(anonymous_1)","decl":{"start":{"line":8,"column":21},"end":{"line":8,"column":22}},"loc":{"start":{"line":8,"column":27},"end":{"line":10,"column":3}},"line":8},"2":{"name":"(anonymous_2)","decl":{"start":{"line":12,"column":20},"end":{"line":12,"column":21}},"loc":{"start":{"line":12,"column":26},"end":{"line":14,"column":3}},"line":12},"3":{"name":"(anonymous_3)","decl":{"start":{"line":27,"column":29},"end":{"line":27,"column":30}},"loc":{"start":{"line":27,"column":40},"end":{"line":27,"column":64}},"line":27}},"branchMap":{"0":{"loc":{"start":{"line":20,"column":7},"end":{"line":31,"column":7}},"type":"binary-expr","locations":[{"start":{"line":20,"column":7},"end":{"line":20,"column":18}},{"start":{"line":21,"column":8},"end":{"line":30,"column":14}}],"line":20}},"s":{"0":0,"1":0,"2":0,"3":0,"4":0,"5":0,"6":0,"7":0},"f":{"0":0,"1":0,"2":0,"3":0},"b":{"0":[0,0]},"_coverageSchema":"1a1c01bbd47fc00a2c39e90264f33305004495a9","hash":"04db62d8c9b8114d4effb44c53049df4ddf22ed6"}
,"/Users/djroos/Desktop/US-City-Guesser/src/GuessList.js": {"path":"/Users/djroos/Desktop/US-City-Guesser/src/GuessList.js","statementMap":{"0":{"start":{"line":4,"column":2},"end":{"line":22,"column":3}},"1":{"start":{"line":16,"column":12},"end":{"line":16,"column":168}}},"fnMap":{"0":{"name":"GuessList","decl":{"start":{"line":3,"column":24},"end":{"line":3,"column":33}},"loc":{"start":{"line":3,"column":47},"end":{"line":23,"column":1}},"line":3},"1":{"name":"(anonymous_1)","decl":{"start":{"line":15,"column":22},"end":{"line":15,"column":23}},"loc":{"start":{"line":16,"column":12},"end":{"line":16,"column":168}},"line":16}},"branchMap":{"0":{"loc":{"start":{"line":16,"column":87},"end":{"line":16,"column":161}},"type":"cond-expr","locations":[{"start":{"line":16,"column":93},"end":{"line":16,"column":118}},{"start":{"line":16,"column":121},"end":{"line":16,"column":161}}],"line":16}},"s":{"0":2,"1":1},"f":{"0":2,"1":1},"b":{"0":[0,1]},"_coverageSchema":"1a1c01bbd47fc00a2c39e90264f33305004495a9","hash":"5e3114bba2b40afda91020f91b7ef1f228e3136a"}
,"/Users/djroos/Desktop/US-City-Guesser/src/InfoPopUp.js": {"path":"/Users/djroos/Desktop/US-City-Guesser/src/InfoPopUp.js","statementMap":{"0":{"start":{"line":5,"column":40},"end":{"line":5,"column":54}},"1":{"start":{"line":7,"column":21},"end":{"line":9,"column":3}},"2":{"start":{"line":8,"column":4},"end":{"line":8,"column":33}},"3":{"start":{"line":11,"column":20},"end":{"line":13,"column":3}},"4":{"start":{"line":12,"column":4},"end":{"line":12,"column":26}},"5":{"start":{"line":15,"column":2},"end":{"line":32,"column":4}}},"fnMap":{"0":{"name":"InfoPopUp","decl":{"start":{"line":4,"column":9},"end":{"line":4,"column":18}},"loc":{"start":{"line":4,"column":21},"end":{"line":33,"column":1}},"line":4},"1":{"name":"(anonymous_1)","decl":{"start":{"line":7,"column":21},"end":{"line":7,"column":22}},"loc":{"start":{"line":7,"column":27},"end":{"line":9,"column":3}},"line":7},"2":{"name":"(anonymous_2)","decl":{"start":{"line":11,"column":20},"end":{"line":11,"column":21}},"loc":{"start":{"line":11,"column":26},"end":{"line":13,"column":3}},"line":11}},"branchMap":{"0":{"loc":{"start":{"line":18,"column":7},"end":{"line":30,"column":7}},"type":"binary-expr","locations":[{"start":{"line":18,"column":7},"end":{"line":18,"column":18}},{"start":{"line":19,"column":8},"end":{"line":29,"column":14}}],"line":18}},"s":{"0":1,"1":1,"2":0,"3":1,"4":0,"5":1},"f":{"0":1,"1":0,"2":0},"b":{"0":[1,1]},"_coverageSchema":"1a1c01bbd47fc00a2c39e90264f33305004495a9","hash":"23ca0b7a904c6f703aaa844c8f636a67f74e456e"}
,"/Users/djroos/Desktop/US-City-Guesser/src/Map.js": {"path":"/Users/djroos/Desktop/US-City-Guesser/src/Map.js","statementMap":{"0":{"start":{"line":9,"column":19},"end":{"line":9,"column":22}},"1":{"start":{"line":10,"column":18},"end":{"line":10,"column":21}},"2":{"start":{"line":13,"column":17},"end":{"line":13,"column":29}},"3":{"start":{"line":14,"column":23},"end":{"line":14,"column":87}},"4":{"start":{"line":16,"column":16},"end":{"line":18,"column":29}},"5":{"start":{"line":21,"column":29},"end":{"line":24,"column":65}},"6":{"start":{"line":27,"column":27},"end":{"line":32,"column":80}},"7":{"start":{"line":32,"column":70},"end":{"line":32,"column":77}},"8":{"start":{"line":35,"column":25},"end":{"line":37,"column":18}},"9":{"start":{"line":40,"column":4},"end":{"line":44,"column":29}},"10":{"start":{"line":41,"column":44},"end":{"line":41,"column":91}},"11":{"start":{"line":47,"column":4},"end":{"line":61,"column":13}},"12":{"start":{"line":49,"column":16},"end":{"line":49,"column":46}},"13":{"start":{"line":52,"column":24},"end":{"line":52,"column":54}},"14":{"start":{"line":53,"column":8},"end":{"line":55,"column":9}},"15":{"start":{"line":54,"column":12},"end":{"line":54,"column":52}},"16":{"start":{"line":58,"column":16},"end":{"line":58,"column":45}},"17":{"start":{"line":59,"column":8},"end":{"line":59,"column":34}},"18":{"start":{"line":60,"column":8},"end":{"line":60,"column":25}},"19":{"start":{"line":63,"column":4},"end":{"line":67,"column":5}}},"fnMap":{"0":{"name":"Map","decl":{"start":{"line":6,"column":24},"end":{"line":6,"column":27}},"loc":{"start":{"line":6,"column":44},"end":{"line":68,"column":1}},"line":6},"1":{"name":"(anonymous_1)","decl":{"start":{"line":32,"column":61},"end":{"line":32,"column":62}},"loc":{"start":{"line":32,"column":70},"end":{"line":32,"column":77}},"line":32},"2":{"name":"(anonymous_2)","decl":{"start":{"line":41,"column":27},"end":{"line":41,"column":28}},"loc":{"start":{"line":41,"column":44},"end":{"line":41,"column":91}},"line":41},"3":{"name":"(anonymous_3)","decl":{"start":{"line":47,"column":14},"end":{"line":47,"column":15}},"loc":{"start":{"line":47,"column":20},"end":{"line":61,"column":5}},"line":47}},"branchMap":{"0":{"loc":{"start":{"line":6,"column":29},"end":{"line":6,"column":41}},"type":"default-arg","locations":[{"start":{"line":6,"column":39},"end":{"line":6,"column":41}}],"line":6}},"s":{"0":2,"1":2,"2":2,"3":2,"4":2,"5":2,"6":2,"7":610,"8":2,"9":2,"10":1,"11":2,"12":0,"13":0,"14":0,"15":0,"16":0,"17":0,"18":0,"19":2},"f":{"0":2,"1":610,"2":1,"3":0},"b":{"0":[0]},"_coverageSchema":"1a1c01bbd47fc00a2c39e90264f33305004495a9","hash":"a8571dff0c7e91476f16464558c39c563f038f04"}
,"/Users/djroos/Desktop/US-City-Guesser/src/Settings.js": {"path":"/Users/djroos/Desktop/US-City-Guesser/src/Settings.js","statementMap":{"0":{"start":{"line":8,"column":48},"end":{"line":8,"column":63}},"1":{"start":{"line":11,"column":25},"end":{"line":13,"column":3}},"2":{"start":{"line":12,"column":4},"end":{"line":12,"column":41}},"3":{"start":{"line":16,"column":24},"end":{"line":18,"column":3}},"4":{"start":{"line":17,"column":4},"end":{"line":17,"column":30}},"5":{"start":{"line":20,"column":2},"end":{"line":73,"column":4}}},"fnMap":{"0":{"name":"Settings","decl":{"start":{"line":7,"column":9},"end":{"line":7,"column":17}},"loc":{"start":{"line":7,"column":84},"end":{"line":74,"column":1}},"line":7},"1":{"name":"(anonymous_1)","decl":{"start":{"line":11,"column":25},"end":{"line":11,"column":26}},"loc":{"start":{"line":11,"column":31},"end":{"line":13,"column":3}},"line":11},"2":{"name":"(anonymous_2)","decl":{"start":{"line":16,"column":24},"end":{"line":16,"column":25}},"loc":{"start":{"line":16,"column":30},"end":{"line":18,"column":3}},"line":16}},"branchMap":{"0":{"loc":{"start":{"line":24,"column":7},"end":{"line":71,"column":7}},"type":"binary-expr","locations":[{"start":{"line":24,"column":7},"end":{"line":24,"column":22}},{"start":{"line":25,"column":8},"end":{"line":70,"column":14}}],"line":24},"1":{"loc":{"start":{"line":37,"column":58},"end":{"line":37,"column":99}},"type":"cond-expr","locations":[{"start":{"line":37,"column":82},"end":{"line":37,"column":88}},{"start":{"line":37,"column":91},"end":{"line":37,"column":99}}],"line":37},"2":{"loc":{"start":{"line":44,"column":37},"end":{"line":44,"column":78}},"type":"cond-expr","locations":[{"start":{"line":44,"column":61},"end":{"line":44,"column":67}},{"start":{"line":44,"column":70},"end":{"line":44,"column":78}}],"line":44},"3":{"loc":{"start":{"line":56,"column":58},"end":{"line":56,"column":92}},"type":"cond-expr","locations":[{"start":{"line":56,"column":75},"end":{"line":56,"column":81}},{"start":{"line":56,"column":84},"end":{"line":56,"column":92}}],"line":56},"4":{"loc":{"start":{"line":63,"column":37},"end":{"line":63,"column":70}},"type":"cond-expr","locations":[{"start":{"line":63,"column":53},"end":{"line":63,"column":59}},{"start":{"line":63,"column":62},"end":{"line":63,"column":70}}],"line":63}},"s":{"0":1,"1":1,"2":0,"3":1,"4":0,"5":1},"f":{"0":1,"1":0,"2":0},"b":{"0":[1,0],"1":[0,0],"2":[0,0],"3":[0,0],"4":[0,0]},"_coverageSchema":"1a1c01bbd47fc00a2c39e90264f33305004495a9","hash":"852ab4262fe8b396d664067eb115d31fb6136074"}
,"/Users/djroos/Desktop/US-City-Guesser/src/ValidateGuess.js": {"path":"/Users/djroos/Desktop/US-City-Guesser/src/ValidateGuess.js","statementMap":{"0":{"start":{"line":4,"column":2},"end":{"line":15,"column":3}},"1":{"start":{"line":7,"column":4},"end":{"line":7,"column":17}},"2":{"start":{"line":8,"column":9},"end":{"line":15,"column":3}},"3":{"start":{"line":8,"column":33},"end":{"line":8,"column":55}},"4":{"start":{"line":11,"column":4},"end":{"line":11,"column":16}},"5":{"start":{"line":14,"column":4},"end":{"line":14,"column":16}}},"fnMap":{"0":{"name":"ValidateGuess","decl":{"start":{"line":3,"column":24},"end":{"line":3,"column":37}},"loc":{"start":{"line":3,"column":55},"end":{"line":16,"column":1}},"line":3},"1":{"name":"(anonymous_1)","decl":{"start":{"line":8,"column":28},"end":{"line":8,"column":29}},"loc":{"start":{"line":8,"column":33},"end":{"line":8,"column":55}},"line":8}},"branchMap":{"0":{"loc":{"start":{"line":4,"column":2},"end":{"line":15,"column":3}},"type":"if","locations":[{"start":{"line":4,"column":2},"end":{"line":15,"column":3}},{"start":{"line":8,"column":9},"end":{"line":15,"column":3}}],"line":4},"1":{"loc":{"start":{"line":8,"column":9},"end":{"line":15,"column":3}},"type":"if","locations":[{"start":{"line":8,"column":9},"end":{"line":15,"column":3}},{"start":{"line":12,"column":9},"end":{"line":15,"column":3}}],"line":8}},"s":{"0":3,"1":1,"2":2,"3":2,"4":1,"5":1},"f":{"0":3,"1":2},"b":{"0":[1,2],"1":[1,1]},"_coverageSchema":"1a1c01bbd47fc00a2c39e90264f33305004495a9","hash":"9828e5290b5c5ca8177e0cd638af5cea65c40b57"}
,"/Users/djroos/Desktop/US-City-Guesser/src/calculateDistance.js": {"path":"/Users/djroos/Desktop/US-City-Guesser/src/calculateDistance.js","statementMap":{"0":{"start":{"line":5,"column":4},"end":{"line":30,"column":5}},"1":{"start":{"line":7,"column":25},"end":{"line":7,"column":53}},"2":{"start":{"line":8,"column":26},"end":{"line":8,"column":55}},"3":{"start":{"line":11,"column":25},"end":{"line":11,"column":53}},"4":{"start":{"line":12,"column":26},"end":{"line":12,"column":55}},"5":{"start":{"line":15,"column":16},"end":{"line":15,"column":22}},"6":{"start":{"line":16,"column":21},"end":{"line":16,"column":49}},"7":{"start":{"line":17,"column":21},"end":{"line":17,"column":51}},"8":{"start":{"line":18,"column":18},"end":{"line":20,"column":47}},"9":{"start":{"line":22,"column":18},"end":{"line":22,"column":64}},"10":{"start":{"line":24,"column":25},"end":{"line":24,"column":30}},"11":{"start":{"line":26,"column":8},"end":{"line":26,"column":36}},"12":{"start":{"line":34,"column":17},"end":{"line":34,"column":56}},"13":{"start":{"line":34,"column":37},"end":{"line":34,"column":55}},"14":{"start":{"line":35,"column":4},"end":{"line":41,"column":5}},"15":{"start":{"line":36,"column":34},"end":{"line":36,"column":38}},"16":{"start":{"line":37,"column":8},"end":{"line":37,"column":24}},"17":{"start":{"line":40,"column":8},"end":{"line":40,"column":20}},"18":{"start":{"line":45,"column":17},"end":{"line":45,"column":56}},"19":{"start":{"line":45,"column":37},"end":{"line":45,"column":55}},"20":{"start":{"line":46,"column":4},"end":{"line":52,"column":5}},"21":{"start":{"line":47,"column":35},"end":{"line":47,"column":39}},"22":{"start":{"line":48,"column":8},"end":{"line":48,"column":25}},"23":{"start":{"line":51,"column":8},"end":{"line":51,"column":20}},"24":{"start":{"line":56,"column":4},"end":{"line":56,"column":33}}},"fnMap":{"0":{"name":"getDistance","decl":{"start":{"line":3,"column":16},"end":{"line":3,"column":27}},"loc":{"start":{"line":3,"column":46},"end":{"line":31,"column":1}},"line":3},"1":{"name":"getLatitude","decl":{"start":{"line":33,"column":9},"end":{"line":33,"column":20}},"loc":{"start":{"line":33,"column":37},"end":{"line":42,"column":1}},"line":33},"2":{"name":"(anonymous_2)","decl":{"start":{"line":34,"column":29},"end":{"line":34,"column":30}},"loc":{"start":{"line":34,"column":37},"end":{"line":34,"column":55}},"line":34},"3":{"name":"getLongitude","decl":{"start":{"line":44,"column":9},"end":{"line":44,"column":21}},"loc":{"start":{"line":44,"column":38},"end":{"line":53,"column":1}},"line":44},"4":{"name":"(anonymous_4)","decl":{"start":{"line":45,"column":29},"end":{"line":45,"column":30}},"loc":{"start":{"line":45,"column":37},"end":{"line":45,"column":55}},"line":45},"5":{"name":"deg2rad","decl":{"start":{"line":55,"column":9},"end":{"line":55,"column":16}},"loc":{"start":{"line":55,"column":22},"end":{"line":57,"column":1}},"line":55}},"branchMap":{"0":{"loc":{"start":{"line":35,"column":4},"end":{"line":41,"column":5}},"type":"if","locations":[{"start":{"line":35,"column":4},"end":{"line":41,"column":5}},{"start":{"line":38,"column":11},"end":{"line":41,"column":5}}],"line":35},"1":{"loc":{"start":{"line":46,"column":4},"end":{"line":52,"column":5}},"type":"if","locations":[{"start":{"line":46,"column":4},"end":{"line":52,"column":5}},{"start":{"line":49,"column":11},"end":{"line":52,"column":5}}],"line":46}},"s":{"0":1,"1":1,"2":1,"3":1,"4":1,"5":1,"6":1,"7":1,"8":1,"9":1,"10":1,"11":1,"12":2,"13":8,"14":2,"15":2,"16":2,"17":0,"18":2,"19":8,"20":2,"21":2,"22":2,"23":0,"24":4},"f":{"0":1,"1":2,"2":8,"3":2,"4":8,"5":4},"b":{"0":[2,0],"1":[2,0]},"_coverageSchema":"1a1c01bbd47fc00a2c39e90264f33305004495a9","hash":"92383a7bed7357bb3c548f5eb4ba5df718d4bcc9"}
}
