TN:
SF:src/App.js
FN:22,setTargetCity
FN:26,getTargetCity
FN:33,setCurrentGuess
FN:37,getCurrentGuess
FN:55,clearGuessList
FN:61,App
FN:86,(anonymous_6)
FN:91,(anonymous_7)
FN:100,restartGame
FN:118,(anonymous_9)
FN:131,(anonymous_10)
FN:135,(anonymous_11)
FN:152,(anonymous_12)
FN:163,(anonymous_13)
FN:164,(anonymous_14)
FN:171,(anonymous_15)
FN:171,(anonymous_16)
FN:171,(anonymous_17)
FN:171,(anonymous_18)
FNF:19
FNH:5
FNDA:2,setTargetCity
FNDA:2,getTargetCity
FNDA:1,setCurrentGuess
FNDA:1,getCurrentGuess
FNDA:0,clearGuessList
FNDA:1,App
FNDA:0,(anonymous_6)
FNDA:0,(anonymous_7)
FNDA:0,restartGame
FNDA:0,(anonymous_9)
FNDA:0,(anonymous_10)
FNDA:0,(anonymous_11)
FNDA:0,(anonymous_12)
FNDA:0,(anonymous_13)
FNDA:0,(anonymous_14)
FNDA:0,(anonymous_15)
FNDA:0,(anonymous_16)
FNDA:0,(anonymous_17)
FNDA:0,(anonymous_18)
DA:23,2
DA:27,2
DA:34,1
DA:38,1
DA:44,2
DA:52,2
DA:56,0
DA:64,1
DA:67,1
DA:70,1
DA:76,1
DA:78,1
DA:81,1
DA:83,1
DA:86,1
DA:87,0
DA:91,1
DA:92,0
DA:93,0
DA:95,0
DA:101,0
DA:102,0
DA:103,0
DA:104,0
DA:105,0
DA:106,0
DA:109,1
DA:121,0
DA:124,0
DA:127,0
DA:131,0
DA:132,0
DA:135,0
DA:136,0
DA:139,0
DA:140,0
DA:152,0
DA:163,0
DA:164,0
DA:171,0
LF:40
LH:16
BRDA:92,0,0,0
BRDA:92,0,1,0
BRDA:121,1,0,0
BRDA:121,1,1,0
BRDA:139,2,0,0
BRDA:139,2,1,0
BRDA:163,3,0,1
BRDA:163,3,1,0
BRDA:164,4,0,1
BRDA:164,4,1,0
BRF:10
BRH:2
end_of_record
TN:
SF:src/AutocompleteDropdown.js
FN:7,(anonymous_0)
FN:11,(anonymous_1)
FN:16,(anonymous_2)
FN:22,(anonymous_3)
FN:27,(anonymous_4)
FN:33,(anonymous_5)
FN:33,(anonymous_6)
FNF:7
FNH:2
FNDA:1,(anonymous_0)
FNDA:0,(anonymous_1)
FNDA:0,(anonymous_2)
FNDA:0,(anonymous_3)
FNDA:1,(anonymous_4)
FNDA:0,(anonymous_5)
FNDA:0,(anonymous_6)
DA:7,2
DA:8,1
DA:9,1
DA:11,1
DA:12,0
DA:13,0
DA:14,0
DA:15,0
DA:16,0
DA:18,0
DA:22,1
DA:23,0
DA:24,0
DA:27,1
DA:28,1
DA:29,1
DA:31,0
DA:33,0
DA:38,1
LF:19
LH:9
BRDA:14,0,0,0
BRDA:14,0,1,0
BRDA:28,1,0,1
BRDA:28,1,1,0
BRF:4
BRH:1
end_of_record
TN:
SF:src/GameCompletePopup.js
FN:5,GameCompletePopup
FN:8,(anonymous_1)
FN:12,(anonymous_2)
FN:27,(anonymous_3)
FNF:4
FNH:0
FNDA:0,GameCompletePopup
FNDA:0,(anonymous_1)
FNDA:0,(anonymous_2)
FNDA:0,(anonymous_3)
DA:6,0
DA:8,0
DA:9,0
DA:12,0
DA:13,0
DA:16,0
DA:27,0
LF:7
LH:0
BRDA:20,0,0,0
BRDA:20,0,1,0
BRF:2
BRH:0
end_of_record
TN:
SF:src/GenerateCity.js
FN:4,GenerateCity
FN:8,(anonymous_1)
FN:10,(anonymous_2)
FNF:3
FNH:3
FNDA:2,GenerateCity
FNDA:1809,(anonymous_1)
FNDA:1809,(anonymous_2)
DA:7,2
DA:8,1809
DA:10,1809
DA:13,2
DA:14,2
DA:15,2
LF:6
LH:6
BRDA:7,0,0,1
BRDA:7,0,1,1
BRF:2
BRH:2
end_of_record
TN:
SF:src/GiveUpPopup.js
FN:5,GiveUpPopup
FN:8,(anonymous_1)
FN:12,(anonymous_2)
FN:27,(anonymous_3)
FNF:4
FNH:0
FNDA:0,GiveUpPopup
FNDA:0,(anonymous_1)
FNDA:0,(anonymous_2)
FNDA:0,(anonymous_3)
DA:6,0
DA:8,0
DA:9,0
DA:12,0
DA:13,0
DA:16,0
DA:27,0
LF:7
LH:0
BRDA:20,0,0,0
BRDA:20,0,1,0
BRF:2
BRH:0
end_of_record
TN:
SF:src/GuessList.js
FN:3,GuessList
FN:15,(anonymous_1)
FNF:2
FNH:2
FNDA:2,GuessList
FNDA:1,(anonymous_1)
DA:4,2
DA:16,1
LF:2
LH:2
BRDA:16,0,0,0
BRDA:16,0,1,1
BRF:2
BRH:1
end_of_record
TN:
SF:src/InfoPopUp.js
FN:4,InfoPopUp
FN:7,(anonymous_1)
FN:11,(anonymous_2)
FNF:3
FNH:1
FNDA:1,InfoPopUp
FNDA:0,(anonymous_1)
FNDA:0,(anonymous_2)
DA:5,1
DA:7,1
DA:8,0
DA:11,1
DA:12,0
DA:15,1
LF:6
LH:4
BRDA:18,0,0,1
BRDA:18,0,1,1
BRF:2
BRH:2
end_of_record
TN:
SF:src/Map.js
FN:6,Map
FN:32,(anonymous_1)
FN:41,(anonymous_2)
FN:47,(anonymous_3)
FNF:4
FNH:3
FNDA:2,Map
FNDA:610,(anonymous_1)
FNDA:1,(anonymous_2)
FNDA:0,(anonymous_3)
DA:9,2
DA:10,2
DA:13,2
DA:14,2
DA:16,2
DA:21,2
DA:27,2
DA:32,610
DA:35,2
DA:40,2
DA:41,1
DA:47,2
DA:49,0
DA:52,0
DA:53,0
DA:54,0
DA:58,0
DA:59,0
DA:60,0
DA:63,2
LF:20
LH:13
BRDA:6,0,0,0
BRF:1
BRH:0
end_of_record
TN:
SF:src/Settings.js
FN:7,Settings
FN:11,(anonymous_1)
FN:16,(anonymous_2)
FNF:3
FNH:1
FNDA:1,Settings
FNDA:0,(anonymous_1)
FNDA:0,(anonymous_2)
DA:8,1
DA:11,1
DA:12,0
DA:16,1
DA:17,0
DA:20,1
LF:6
LH:4
BRDA:24,0,0,1
BRDA:24,0,1,0
BRDA:37,1,0,0
BRDA:37,1,1,0
BRDA:44,2,0,0
BRDA:44,2,1,0
BRDA:56,3,0,0
BRDA:56,3,1,0
BRDA:63,4,0,0
BRDA:63,4,1,0
BRF:10
BRH:1
end_of_record
TN:
SF:src/ValidateGuess.js
FN:3,ValidateGuess
FN:8,(anonymous_1)
FNF:2
FNH:2
FNDA:3,ValidateGuess
FNDA:2,(anonymous_1)
DA:4,3
DA:7,1
DA:8,2
DA:11,1
DA:14,1
LF:5
LH:5
BRDA:4,0,0,1
BRDA:4,0,1,2
BRDA:8,1,0,1
BRDA:8,1,1,1
BRF:4
BRH:4
end_of_record
TN:
SF:src/calculateDistance.js
FN:3,getDistance
FN:33,getLatitude
FN:34,(anonymous_2)
FN:44,getLongitude
FN:45,(anonymous_4)
FN:55,deg2rad
FNF:6
FNH:6
FNDA:1,getDistance
FNDA:2,getLatitude
FNDA:8,(anonymous_2)
FNDA:2,getLongitude
FNDA:8,(anonymous_4)
FNDA:4,deg2rad
DA:5,1
DA:7,1
DA:8,1
DA:11,1
DA:12,1
DA:15,1
DA:16,1
DA:17,1
DA:18,1
DA:22,1
DA:24,1
DA:26,1
DA:34,8
DA:35,2
DA:36,2
DA:37,2
DA:40,0
DA:45,8
DA:46,2
DA:47,2
DA:48,2
DA:51,0
DA:56,4
LF:23
LH:21
BRDA:35,0,0,2
BRDA:35,0,1,0
BRDA:46,1,0,2
BRDA:46,1,1,0
BRF:4
BRH:2
end_of_record
